-- First merge some tables
--
-- hs_kabelofleiding hs_kabelofleiding hs_kabelofleiding --> elektriciteitskabel
-- 
drop table if exists elektriciteitskabel cascade;
DROP TABLE
create table elektriciteitskabel
as
   select 
	'hs' || gid as gid,
	id::text,
	thema::text,
	netbeheer::text,
	status::text,
	vertpositi::text,
	warningt::text,
	opvolt::text,
	nomvolt::text,
	toelichtin::text,
	dieptetovm::text,
	dieptenap::text,
	xinfo::text,
	disttype::text,
	geom
     from hs_kabelofleiding
   union all
   select
	'ls' || gid as gid,
	id::text,
	thema::text,
	netbeheer::text,
	status::text,
	vertpositi::text,
	warningt::text,
	opvolt::text,
	null::text,
	toelichtin::text,
	dieptetovm::text,
	dieptenap::text,
	xinfo::text,
	disttype::text,
	geom
      from ls_kabelofleiding
   union all
   select 
	'ms' || gid as gid,
	id::text,
	thema::text,
	netbeheer::text,
	status::text,
	vertpositi::text,
	warningt::text,
	opvolt::text,
	nomvolt::text,
	toelichtin::text,
	dieptetovm::text,
	dieptenap::text,
	xinfo::text,
	disttype::text,
	geom
       from ms_kabelofleiding
;
SELECT 25
--
-- OlieGasChemicalien
-- 
drop table if exists oliegaschemicalien cascade;
DROP TABLE
create table oliegaschemicalien
as
    select
	 'hd' || gid as gid,
	 id,
	 thema,
	 netbeheer,
	 status,
	 vertpositi,
	 disttype,
	 warningt,
	 pipediam::text,
	 pressure,
	 producttyp,
	 toelichtin,
	 dieptetovm,
	 dieptenap,
	 xinfo,
	 geom
    from hd_gas_kabelofleiding
    union all
    select
	 'ld' || gid as gid,
	 id,
	 thema,
	 netbeheer,
	 status,
	 vertpositi,
	 disttype,
	 warningt,
	 pipediam::text,
	 pressure,
	 producttyp,
	 toelichtin,
	 dieptetovm,
	 dieptenap,
	 xinfo,
	 geom
    from ld_gas_kabelofleiding
    union all
    select
	 'bgv' || gid as gid,
	 id,
	 thema,
	 netbeheer,
	 status,
	 vertpositi,
	 disttype,
	 warningt,
	 pipediam::text,
	 pressure,
	 producttyp,
	 toelichtin,
	 dieptetovm,
	 dieptenap,
	 xinfo,
	 geom
    from bgevaarlijkeinhoud
;
SELECT 13
--
--
--
drop table if exists kabelb cascade;
DROP TABLE
create table kabelb
as
    select 
	 'kab' || gid as gid,
	 id, 
	 thema, 
	 type, 
	 netbeheer, 
	 status, 
	 vertpositi, 
	 disttype, 
	 warningt, 
	 ductwidth, 
	 bzichtbaar, 
	 toelichtin, 
	 aantalk, 
	 dieptetovm, 
	 dieptenap, 
	 xinfo, 
	 geom
    from kabelbed
union all
    select 
	 'dt' || gid as gid,
	 id, 
	 thema, 
	 type, 
	 netbeheer, 
	 status, 
	 vertpositi, 
	 disttype, 
	 warningt, 
	 ductwidth, 
	 bzichtbaar, 
	 toelichtin, 
	 aantalk, 
	 dieptetovm, 
	 dieptenap, 
	 xinfo, 
	 geom 
    from dt_kabelbed;
SELECT 19
--
-- Now we have the following tables left...
--
-- vijfmeteraanduiding
-- aanduidingEisVoorzorgsmaatregel
-- Annotatie_lijn
-- Annotatie
-- BGevaarlijkeInhoud
-- Containerelement
-- Diepte
-- DT_KabelOfLeiding
-- ExtraDetailInfo
-- ExtraGeometrie
-- ExtraTopo
-- kabelbedAlgemeen
-- KabelEnLeidingContainer
-- Kunstwerk_Containerelement
-- Leidingelement
-- LS_Kabelbed
-- maatvoering_label
-- maatvoering_pijl
-- maatvoering
-- MS_Kabelbed
-- RioolVV_KabelOfLeiding
-- Utiliteitsnet
-- Water_KabelOfLeiding
-- elektriciteitskabel
-- oliegaschemicalien
-- kabelb
--
-- Create a table of parties from the utilitynetworks
--
drop table if exists relatedparty cascade;
NOTICE:  table "relatedparty" does not exist, skipping
DROP TABLE
create table relatedparty
as
    select 'party-' || gmlid as partyid,authority,authrole
    from utiliteitsnet
    ;
ERROR:  column "gmlid" does not exist
LINE 3:     select 'party-' || gmlid as partyid,authority,authrole
                               ^
--
-- The following tables need to be forked. They are two objects in the targed
-- schema.
-- 
drop table if exists utilitylink cascade;
NOTICE:  table "utilitylink" does not exist, skipping
DROP TABLE
create temporary table t_utilitylink
as
    select 'ulinkid-' || gid as gmlid,thema,netbeheer,geom,status::text
    from elektriciteitskabel
       union all
    select 'ulinkid-' || gid as gmlid,thema,netbeheer,geom,status::text
    from rioolvv_kabelofleiding
       union all
    select 'ulinkid-' || gid as gmlid,thema,netbeheer,geom,status::text
    from water_kabelofleiding
       union all
    select 'ulinkid-' || gid as gmlid,thema,netbeheer,geom,status::text
    from oliegaschemicalien
       union all
    select 'ulinkid-' || gid as gmlid,thema,netbeheer,geom,status::text
    from kabelb
;
SELECT 163
create table utilitylink
as select l.*,n.gmlid as unetid,n.bhcode
from t_utilitylink l,utiliteitsnet n where n.thema = l.thema and n.authority = l.netbeheer;
ERROR:  column n.gmlid does not exist
LINE 2: as select l.*,n.gmlid as unetid,n.bhcode
                      ^
update kabelb set ductwidth = '0.0' where ductwidth is null ;
UPDATE 16
update rioolvv_kabelofleiding set pipediam = '0.0' where pipediam is null ;
UPDATE 0
update oliegaschemicalien set pipediam = '0.0' where pipediam is null ;
UPDATE 13
update water_kabelofleiding  set pipediam = '0.0' where pipediam is null ;
UPDATE 0
update elektriciteitskabel set nomvolt = '0.0' where nomvolt is null;
UPDATE 25
update elektriciteitskabel set opvolt = '0.0' where opvolt is null;
UPDATE 24
update oliegaschemicalien set pipediam = '0.0' where pipediam is null ;
UPDATE 0
update oliegaschemicalien set pressure = '0.0' where pressure is null ;
UPDATE 13
update water_kabelofleiding set pressure = '0.0' where pressure is null ;
UPDATE 0
update water_kabelofleiding set pipediam = '0.0' where pressure is null ;
UPDATE 0
update diepte set nauwk = '0.0' where nauwk is null ;
UPDATE 0
drop table v_vijfmeteraanduiding	   ;
DROP TABLE
drop table v_aanduidingEisVoorzorgsmaatregel;
DROP TABLE
drop table v_Annotatie_lijn;
DROP TABLE
drop table v_Annotatie;
DROP TABLE
drop table v_BGevaarlijkeInhoud;
DROP TABLE
drop table v_Containerelement;
DROP TABLE
drop table v_Diepte;
DROP TABLE
drop table v_DT_KabelOfLeiding;
DROP TABLE
drop table v_ExtraDetailInfo;
DROP TABLE
drop table v_ExtraGeometrie;
DROP TABLE
drop table v_ExtraTopo;
DROP TABLE
drop table v_kabelbedAlgemeen;
DROP TABLE
drop table v_KabelEnLeidingContainer;
DROP TABLE
drop table v_Kunstwerk_Containerelement;
DROP TABLE
drop table v_Leidingelement;
DROP TABLE
drop table v_LS_Kabelbed;
DROP TABLE
drop table v_maatvoering_label;
DROP TABLE
drop table v_maatvoering_pijl;
DROP TABLE
drop table v_maatvoering;
DROP TABLE
drop table v_MS_Kabelbed;
ERROR:  table "v_ms_kabelbed" does not exist
drop table v_RioolVV_KabelOfLeiding;
DROP TABLE
drop table v_Utiliteitsnet;
ERROR:  table "v_utiliteitsnet" does not exist
drop table v_Water_KabelOfLeiding;
DROP TABLE
drop table v_elektriciteitskabel;
DROP TABLE
drop table v_oliegaschemicalien;
DROP TABLE
drop table v_kabelb;
DROP TABLE
create table v_vijfmeteraanduiding						       as select 'z-' || l.gid as gmlid, l.*,u.gid as unetid,u.bhcode from vijfmeteraanduiding                              l,utiliteitsnet u where u.thema = l.thema and u.authority = l.netbeheer; 
SELECT 5
create table v_aanduidingEisVoorzorgsmaatregel                                          as select 'a-' || l.gid as gmlid, l.*,u.gid as unetid,u.bhcode from aanduidingEisVoorzorgsmaatregel                  l,utiliteitsnet u where u.thema = l.thema and u.authority = l.netbeheer;
SELECT 5
create table v_Annotatie_lijn                                                           as select 'b-' || l.gid as gmlid, l.*,u.gid as unetid,u.bhcode from Annotatie_lijn                                   l,utiliteitsnet u where u.thema = l.thema and u.authority = l.netbeheer;
SELECT 1
create table v_Annotatie                                                                as select 'c-' || l.gid as gmlid, l.*,u.gid as unetid,u.bhcode from Annotatie                                        l,utiliteitsnet u where u.thema = l.thema and u.authority = l.netbeheer;
SELECT 1
create table v_BGevaarlijkeInhoud                                                       as select 'd-' || l.gid as gmlid, l.*,u.gid as unetid,u.bhcode from BGevaarlijkeInhoud                               l,utiliteitsnet u where u.thema = l.thema and u.authority = l.netbeheer;
SELECT 5
create table v_Containerelement                                                         as select 'e-' || l.gid as gmlid, l.*,u.gid as unetid,u.bhcode from Containerelement                                 l,utiliteitsnet u where u.thema = l.thema and u.authority = l.netbeheer;
SELECT 0
create table v_Diepte                                                                   as select 'f-' || l.gid as gmlid, l.*,u.gid as unetid,u.bhcode from Diepte                                           l,utiliteitsnet u where u.thema = l.thema and u.authority = l.netbeheer;
SELECT 2
create table v_DT_KabelOfLeiding                                                        as select 'g-' || l.gid as gmlid, l.*,u.gid as unetid,u.bhcode from DT_KabelOfLeiding                                l,utiliteitsnet u where u.thema = l.thema and u.authority = l.netbeheer;
SELECT 0
create table v_ExtraDetailInfo                                                          as select 'h-' || l.gid as gmlid, l.*,u.gid as unetid,u.bhcode from ExtraDetailInfo                                  l,utiliteitsnet u where u.thema = l.thema and u.authority = l.netbeheer;
SELECT 0
create table v_ExtraGeometrie                                                           as select 'i-' || l.gid as gmlid, l.*,u.gid as unetid,u.bhcode from ExtraGeometrie                                   l,utiliteitsnet u where u.thema = l.thema and u.authority = l.netbeheer;
SELECT 1
create table v_ExtraTopo                                                                as select 'j-' || l.gid as gmlid, l.*,u.gid as unetid,u.bhcode from ExtraTopo                                        l,utiliteitsnet u where u.thema = l.thema and u.authority = l.netbeheer;
SELECT 0
create table v_kabelbedAlgemeen                                                         as select 'k-' || l.gid as gmlid, l.*,u.gid as unetid,u.bhcode from kabelbedAlgemeen                                 l,utiliteitsnet u where u.thema = l.thema and u.authority = l.netbeheer;
SELECT 1
create table v_KabelEnLeidingContainer                                                  as select 'l-' || l.gid as gmlid, l.*,u.gid as unetid,u.bhcode from KabelEnLeidingContainer                          l,utiliteitsnet u where u.thema = l.thema and u.authority = l.netbeheer;
SELECT 1
create table v_Kunstwerk_Containerelement                                               as select 'm-' || l.gid as gmlid, l.*,u.gid as unetid,u.bhcode from Kunstwerk_Containerelement                       l,utiliteitsnet u where u.thema = l.thema and u.authority = l.netbeheer;
SELECT 0
create table v_Leidingelement                                                           as select 'n-' || l.gid as gmlid, l.*,u.gid as unetid,u.bhcode from Leidingelement                                   l,utiliteitsnet u where u.thema = l.thema and u.authority = l.netbeheer;
SELECT 41
create table v_LS_Kabelbed                                                              as select 'o-' || l.gid as gmlid, l.*,u.gid as unetid,u.bhcode from LS_Kabelbed                                      l,utiliteitsnet u where u.thema = l.thema and u.authority = l.netbeheer;
SELECT 0
create table v_maatvoering_label                                                        as select 'p-' || l.gid as gmlid, l.*,u.gid as unetid,u.bhcode from maatvoering_label                                l,utiliteitsnet u where u.thema = l.thema and u.authority = l.netbeheer;
SELECT 0
create table v_maatvoering_pijl                                                         as select 'q-' || l.gid as gmlid, l.*,u.gid as unetid,u.bhcode from maatvoering_pijl                                 l,utiliteitsnet u where u.thema = l.thema and u.authority = l.netbeheer;
SELECT 0
create table v_maatvoering                                                              as select 'r-' || l.gid as gmlid, l.*,u.gid as unetid,u.bhcode from maatvoering                                      l,utiliteitsnet u where u.thema = l.thema and u.authority = l.netbeheer;
SELECT 0
create table v_MS_Kabelbed                                                              as select 's-' || l.gid as gmlid, l.*,u.gid as unetid,u.bhcode from MS_Kabelbed                                      l,utiliteitsnet u where u.thema = l.thema and u.authority = l.netbeheer;
ERROR:  column l.thema does not exist
LINE 1: ...                l,utiliteitsnet u where u.thema = l.thema an...
                                                             ^
create table v_RioolVV_KabelOfLeiding                                                   as select 't-' || l.gid as gmlid, l.*,u.gid as unetid,u.bhcode from RioolVV_KabelOfLeiding                           l,utiliteitsnet u where u.thema = l.thema and u.authority = l.netbeheer;
SELECT 0
create table v_Utiliteitsnet                                                            as select 'u-' || l.gid as gmlid, l.*,u.gid as unetid,u.bhcode from Utiliteitsnet                                    l,utiliteitsnet u where u.thema = l.thema and u.authority = l.netbeheer;
ERROR:  column l.netbeheer does not exist
LINE 1: ...tsnet u where u.thema = l.thema and u.authority = l.netbehee...
                                                             ^
create table v_Water_KabelOfLeiding                                                     as select 'v-' || l.gid as gmlid, l.*,u.gid as unetid,u.bhcode from Water_KabelOfLeiding                             l,utiliteitsnet u where u.thema = l.thema and u.authority = l.netbeheer;
SELECT 0
create table v_elektriciteitskabel                                                      as select 'w-' || l.gid as gmlid, l.*,u.gid as unetid,u.bhcode from elektriciteitskabel                              l,utiliteitsnet u where u.thema = l.thema and u.authority = l.netbeheer;
SELECT 7
create table v_oliegaschemicalien                                                       as select 'x-' || l.gid as gmlid, l.*,u.gid as unetid,u.bhcode from oliegaschemicalien                               l,utiliteitsnet u where u.thema = l.thema and u.authority = l.netbeheer;
SELECT 9
create table v_kabelb                                                                   as select 'y-' || l.gid as gmlid, l.*,u.gid as unetid,u.bhcode from kabelb                                           l,utiliteitsnet u where u.thema = l.thema and u.authority = l.netbeheer;
SELECT 10
